D:\Work\CreditEval\TimeFM\code\LibFMWin\LibFMWin\x64\Debug\cl.command.1.tlog
D:\Work\CreditEval\TimeFM\code\LibFMWin\LibFMWin\x64\Debug\CL.read.1.tlog
D:\Work\CreditEval\TimeFM\code\LibFMWin\LibFMWin\x64\Debug\CL.write.1.tlog
D:\WORK\CREDITEVAL\TIMEFM\CODE\LIBFMWIN\LIBFMWIN\X64\DEBUG\LIBFMWIN.EXE.EMBED.MANIFEST
D:\WORK\CREDITEVAL\TIMEFM\CODE\LIBFMWIN\LIBFMWIN\X64\DEBUG\LIBFMWIN.EXE.EMBED.MANIFEST.RES
D:\WORK\CREDITEVAL\TIMEFM\CODE\LIBFMWIN\LIBFMWIN\X64\DEBUG\LIBFMWIN.EXE.INTERMEDIATE.MANIFEST
D:\WORK\CREDITEVAL\TIMEFM\CODE\LIBFMWIN\LIBFMWIN\X64\DEBUG\LIBFMWIN.OBJ
D:\WORK\CREDITEVAL\TIMEFM\CODE\LIBFMWIN\LIBFMWIN\X64\DEBUG\LIBFMWIN.PCH
D:\Work\CreditEval\TimeFM\code\LibFMWin\LibFMWin\x64\Debug\LibFMWin.write.1.tlog
D:\Work\CreditEval\TimeFM\code\LibFMWin\LibFMWin\x64\Debug\LibFMWin_manifest.rc
D:\Work\CreditEval\TimeFM\code\LibFMWin\LibFMWin\x64\Debug\link.5284.read.1.tlog
D:\Work\CreditEval\TimeFM\code\LibFMWin\LibFMWin\x64\Debug\link.5284.write.1.tlog
D:\Work\CreditEval\TimeFM\code\LibFMWin\LibFMWin\x64\Debug\link.5284-cvtres.read.1.tlog
D:\Work\CreditEval\TimeFM\code\LibFMWin\LibFMWin\x64\Debug\link.5284-cvtres.write.1.tlog
D:\Work\CreditEval\TimeFM\code\LibFMWin\LibFMWin\x64\Debug\link.command.1.tlog
D:\Work\CreditEval\TimeFM\code\LibFMWin\LibFMWin\x64\Debug\link.read.1.tlog
D:\Work\CreditEval\TimeFM\code\LibFMWin\LibFMWin\x64\Debug\link.write.1.tlog
D:\Work\CreditEval\TimeFM\code\LibFMWin\LibFMWin\x64\Debug\link-cvtres.read.1.tlog
D:\Work\CreditEval\TimeFM\code\LibFMWin\LibFMWin\x64\Debug\link-cvtres.write.1.tlog
D:\Work\CreditEval\TimeFM\code\LibFMWin\LibFMWin\x64\Debug\mt.command.1.tlog
D:\Work\CreditEval\TimeFM\code\LibFMWin\LibFMWin\x64\Debug\mt.read.1.tlog
D:\Work\CreditEval\TimeFM\code\LibFMWin\LibFMWin\x64\Debug\mt.write.1.tlog
D:\Work\CreditEval\TimeFM\code\LibFMWin\LibFMWin\x64\Debug\rc.command.1.tlog
D:\Work\CreditEval\TimeFM\code\LibFMWin\LibFMWin\x64\Debug\rc.read.1.tlog
D:\Work\CreditEval\TimeFM\code\LibFMWin\LibFMWin\x64\Debug\rc.write.1.tlog
D:\WORK\CREDITEVAL\TIMEFM\CODE\LIBFMWIN\LIBFMWIN\X64\DEBUG\STDAFX.OBJ
D:\Work\CreditEval\TimeFM\code\LibFMWin\LibFMWin\x64\Debug\vc100.idb
D:\WORK\CREDITEVAL\TIMEFM\CODE\LIBFMWIN\LIBFMWIN\X64\DEBUG\VC100.PDB
D:\WORK\CREDITEVAL\TIMEFM\CODE\LIBFMWIN\X64\DEBUG\LIBFMWIN.EXE
D:\WORK\CREDITEVAL\TIMEFM\CODE\LIBFMWIN\X64\DEBUG\LIBFMWIN.ILK
D:\WORK\CREDITEVAL\TIMEFM\CODE\LIBFMWIN\X64\DEBUG\LIBFMWIN.PDB
